LOG TRUNCATED
ReferenceError: mongoSanitize is not defined
    at Object.<anonymous> (/home/devel-sabarinathan/Desktop/Node Projects/Backend/app.js:33:5)
    at Module._compile (node:internal/modules/cjs/loader:1101:14)
    at Object.Module._extensions..js (node:internal/modules/cjs/loader:1153:10)
    at Module.load (node:internal/modules/cjs/loader:981:32)
    at Function.Module._load (node:internal/modules/cjs/loader:822:12)
    at Object.<anonymous> (/usr/local/lib/node_modules/pm2/lib/ProcessContainerFork.js:33:23)
    at Module._compile (node:internal/modules/cjs/loader:1101:14)
    at Object.Module._extensions..js (node:internal/modules/cjs/loader:1153:10)
    at Module.load (node:internal/modules/cjs/loader:981:32)
    at Function.Module._load (node:internal/modules/cjs/loader:822:12)
    at Function.executeUserEntryPoint [as runMain] (node:internal/modules/run_main:81:12)
    at node:internal/main/run_main_module:17:47
ReferenceError: mongoSanitize is not defined
    at Object.<anonymous> (/home/devel-sabarinathan/Desktop/Node Projects/Backend/app.js:33:5)
    at Module._compile (node:internal/modules/cjs/loader:1101:14)
    at Object.Module._extensions..js (node:internal/modules/cjs/loader:1153:10)
    at Module.load (node:internal/modules/cjs/loader:981:32)
    at Function.Module._load (node:internal/modules/cjs/loader:822:12)
    at Object.<anonymous> (/usr/local/lib/node_modules/pm2/lib/ProcessContainerFork.js:33:23)
    at Module._compile (node:internal/modules/cjs/loader:1101:14)
    at Object.Module._extensions..js (node:internal/modules/cjs/loader:1153:10)
    at Module.load (node:internal/modules/cjs/loader:981:32)
    at Function.Module._load (node:internal/modules/cjs/loader:822:12)
    at Function.executeUserEntryPoint [as runMain] (node:internal/modules/run_main:81:12)
    at node:internal/main/run_main_module:17:47
ReferenceError: mongoSanitize is not defined
    at Object.<anonymous> (/home/devel-sabarinathan/Desktop/Node Projects/Backend/app.js:33:5)
    at Module._compile (node:internal/modules/cjs/loader:1101:14)
    at Object.Module._extensions..js (node:internal/modules/cjs/loader:1153:10)
    at Module.load (node:internal/modules/cjs/loader:981:32)
    at Function.Module._load (node:internal/modules/cjs/loader:822:12)
    at Object.<anonymous> (/usr/local/lib/node_modules/pm2/lib/ProcessContainerFork.js:33:23)
    at Module._compile (node:internal/modules/cjs/loader:1101:14)
    at Object.Module._extensions..js (node:internal/modules/cjs/loader:1153:10)
    at Module.load (node:internal/modules/cjs/loader:981:32)
    at Function.Module._load (node:internal/modules/cjs/loader:822:12)
    at Function.executeUserEntryPoint [as runMain] (node:internal/modules/run_main:81:12)
    at node:internal/main/run_main_module:17:47
ReferenceError: mongoSanitize is not defined
    at Object.<anonymous> (/home/devel-sabarinathan/Desktop/Node Projects/Backend/app.js:33:5)
    at Module._compile (node:internal/modules/cjs/loader:1101:14)
    at Object.Module._extensions..js (node:internal/modules/cjs/loader:1153:10)
    at Module.load (node:internal/modules/cjs/loader:981:32)
    at Function.Module._load (node:internal/modules/cjs/loader:822:12)
    at Object.<anonymous> (/usr/local/lib/node_modules/pm2/lib/ProcessContainerFork.js:33:23)
    at Module._compile (node:internal/modules/cjs/loader:1101:14)
    at Object.Module._extensions..js (node:internal/modules/cjs/loader:1153:10)
    at Module.load (node:internal/modules/cjs/loader:981:32)
    at Function.Module._load (node:internal/modules/cjs/loader:822:12)
    at Function.executeUserEntryPoint [as runMain] (node:internal/modules/run_main:81:12)
    at node:internal/main/run_main_module:17:47
ReferenceError: mongoSanitize is not defined
    at Object.<anonymous> (/home/devel-sabarinathan/Desktop/Node Projects/Backend/app.js:33:5)
    at Module._compile (node:internal/modules/cjs/loader:1101:14)
    at Object.Module._extensions..js (node:internal/modules/cjs/loader:1153:10)
    at Module.load (node:internal/modules/cjs/loader:981:32)
    at Function.Module._load (node:internal/modules/cjs/loader:822:12)
    at Object.<anonymous> (/usr/local/lib/node_modules/pm2/lib/ProcessContainerFork.js:33:23)
    at Module._compile (node:internal/modules/cjs/loader:1101:14)
    at Object.Module._extensions..js (node:internal/modules/cjs/loader:1153:10)
    at Module.load (node:internal/modules/cjs/loader:981:32)
    at Function.Module._load (node:internal/modules/cjs/loader:822:12)
    at Function.executeUserEntryPoint [as runMain] (node:internal/modules/run_main:81:12)
    at node:internal/main/run_main_module:17:47
ReferenceError: mongoSanitize is not defined
    at Object.<anonymous> (/home/devel-sabarinathan/Desktop/Node Projects/Backend/app.js:33:5)
    at Module._compile (node:internal/modules/cjs/loader:1101:14)
    at Object.Module._extensions..js (node:internal/modules/cjs/loader:1153:10)
    at Module.load (node:internal/modules/cjs/loader:981:32)
    at Function.Module._load (node:internal/modules/cjs/loader:822:12)
    at Object.<anonymous> (/usr/local/lib/node_modules/pm2/lib/ProcessContainerFork.js:33:23)
    at Module._compile (node:internal/modules/cjs/loader:1101:14)
    at Object.Module._extensions..js (node:internal/modules/cjs/loader:1153:10)
    at Module.load (node:internal/modules/cjs/loader:981:32)
    at Function.Module._load (node:internal/modules/cjs/loader:822:12)
    at Function.executeUserEntryPoint [as runMain] (node:internal/modules/run_main:81:12)
    at node:internal/main/run_main_module:17:47
ReferenceError: mongoSanitize is not defined
    at Object.<anonymous> (/home/devel-sabarinathan/Desktop/Node Projects/Backend/app.js:33:5)
    at Module._compile (node:internal/modules/cjs/loader:1101:14)
    at Object.Module._extensions..js (node:internal/modules/cjs/loader:1153:10)
    at Module.load (node:internal/modules/cjs/loader:981:32)
    at Function.Module._load (node:internal/modules/cjs/loader:822:12)
    at Object.<anonymous> (/usr/local/lib/node_modules/pm2/lib/ProcessContainerFork.js:33:23)
    at Module._compile (node:internal/modules/cjs/loader:1101:14)
    at Object.Module._extensions..js (node:internal/modules/cjs/loader:1153:10)
    at Module.load (node:internal/modules/cjs/loader:981:32)
    at Function.Module._load (node:internal/modules/cjs/loader:822:12)
    at Function.executeUserEntryPoint [as runMain] (node:internal/modules/run_main:81:12)
    at node:internal/main/run_main_module:17:47
ReferenceError: mongoSanitize is not defined
    at Object.<anonymous> (/home/devel-sabarinathan/Desktop/Node Projects/Backend/app.js:33:5)
    at Module._compile (node:internal/modules/cjs/loader:1101:14)
    at Object.Module._extensions..js (node:internal/modules/cjs/loader:1153:10)
    at Module.load (node:internal/modules/cjs/loader:981:32)
    at Function.Module._load (node:internal/modules/cjs/loader:822:12)
    at Object.<anonymous> (/usr/local/lib/node_modules/pm2/lib/ProcessContainerFork.js:33:23)
    at Module._compile (node:internal/modules/cjs/loader:1101:14)
    at Object.Module._extensions..js (node:internal/modules/cjs/loader:1153:10)
    at Module.load (node:internal/modules/cjs/loader:981:32)
    at Function.Module._load (node:internal/modules/cjs/loader:822:12)
    at Function.executeUserEntryPoint [as runMain] (node:internal/modules/run_main:81:12)
    at node:internal/main/run_main_module:17:47
ReferenceError: mongoSanitize is not defined
    at Object.<anonymous> (/home/devel-sabarinathan/Desktop/Node Projects/Backend/app.js:33:5)
    at Module._compile (node:internal/modules/cjs/loader:1101:14)
    at Object.Module._extensions..js (node:internal/modules/cjs/loader:1153:10)
    at Module.load (node:internal/modules/cjs/loader:981:32)
    at Function.Module._load (node:internal/modules/cjs/loader:822:12)
    at Object.<anonymous> (/usr/local/lib/node_modules/pm2/lib/ProcessContainerFork.js:33:23)
    at Module._compile (node:internal/modules/cjs/loader:1101:14)
    at Object.Module._extensions..js (node:internal/modules/cjs/loader:1153:10)
    at Module.load (node:internal/modules/cjs/loader:981:32)
    at Function.Module._load (node:internal/modules/cjs/loader:822:12)
    at Function.executeUserEntryPoint [as runMain] (node:internal/modules/run_main:81:12)
    at node:internal/main/run_main_module:17:47
ReferenceError: mongoSanitize is not defined
    at Object.<anonymous> (/home/devel-sabarinathan/Desktop/Node Projects/Backend/app.js:33:5)
    at Module._compile (node:internal/modules/cjs/loader:1101:14)
    at Object.Module._extensions..js (node:internal/modules/cjs/loader:1153:10)
    at Module.load (node:internal/modules/cjs/loader:981:32)
    at Function.Module._load (node:internal/modules/cjs/loader:822:12)
    at Object.<anonymous> (/usr/local/lib/node_modules/pm2/lib/ProcessContainerFork.js:33:23)
    at Module._compile (node:internal/modules/cjs/loader:1101:14)
    at Object.Module._extensions..js (node:internal/modules/cjs/loader:1153:10)
    at Module.load (node:internal/modules/cjs/loader:981:32)
    at Function.Module._load (node:internal/modules/cjs/loader:822:12)
    at Function.executeUserEntryPoint [as runMain] (node:internal/modules/run_main:81:12)
    at node:internal/main/run_main_module:17:47
ReferenceError: mongoSanitize is not defined
    at Object.<anonymous> (/home/devel-sabarinathan/Desktop/Node Projects/Backend/app.js:33:5)
    at Module._compile (node:internal/modules/cjs/loader:1101:14)
    at Object.Module._extensions..js (node:internal/modules/cjs/loader:1153:10)
    at Module.load (node:internal/modules/cjs/loader:981:32)
    at Function.Module._load (node:internal/modules/cjs/loader:822:12)
    at Object.<anonymous> (/usr/local/lib/node_modules/pm2/lib/ProcessContainerFork.js:33:23)
    at Module._compile (node:internal/modules/cjs/loader:1101:14)
    at Object.Module._extensions..js (node:internal/modules/cjs/loader:1153:10)
    at Module.load (node:internal/modules/cjs/loader:981:32)
    at Function.Module._load (node:internal/modules/cjs/loader:822:12)
    at Function.executeUserEntryPoint [as runMain] (node:internal/modules/run_main:81:12)
    at node:internal/main/run_main_module:17:47
ReferenceError: mongoSanitize is not defined
    at Object.<anonymous> (/home/devel-sabarinathan/Desktop/Node Projects/Backend/app.js:33:5)
    at Module._compile (node:internal/modules/cjs/loader:1101:14)
    at Object.Module._extensions..js (node:internal/modules/cjs/loader:1153:10)
    at Module.load (node:internal/modules/cjs/loader:981:32)
    at Function.Module._load (node:internal/modules/cjs/loader:822:12)
    at Object.<anonymous> (/usr/local/lib/node_modules/pm2/lib/ProcessContainerFork.js:33:23)
    at Module._compile (node:internal/modules/cjs/loader:1101:14)
    at Object.Module._extensions..js (node:internal/modules/cjs/loader:1153:10)
    at Module.load (node:internal/modules/cjs/loader:981:32)
    at Function.Module._load (node:internal/modules/cjs/loader:822:12)
    at Function.executeUserEntryPoint [as runMain] (node:internal/modules/run_main:81:12)
    at node:internal/main/run_main_module:17:47
ReferenceError: mongoSanitize is not defined
    at Object.<anonymous> (/home/devel-sabarinathan/Desktop/Node Projects/Backend/app.js:33:5)
    at Module._compile (node:internal/modules/cjs/loader:1101:14)
    at Object.Module._extensions..js (node:internal/modules/cjs/loader:1153:10)
    at Module.load (node:internal/modules/cjs/loader:981:32)
    at Function.Module._load (node:internal/modules/cjs/loader:822:12)
    at Object.<anonymous> (/usr/local/lib/node_modules/pm2/lib/ProcessContainerFork.js:33:23)
    at Module._compile (node:internal/modules/cjs/loader:1101:14)
    at Object.Module._extensions..js (node:internal/modules/cjs/loader:1153:10)
    at Module.load (node:internal/modules/cjs/loader:981:32)
    at Function.Module._load (node:internal/modules/cjs/loader:822:12)
    at Function.executeUserEntryPoint [as runMain] (node:internal/modules/run_main:81:12)
    at node:internal/main/run_main_module:17:47
ReferenceError: mongoSanitize is not defined
    at Object.<anonymous> (/home/devel-sabarinathan/Desktop/Node Projects/Backend/app.js:33:5)
    at Module._compile (node:internal/modules/cjs/loader:1101:14)
    at Object.Module._extensions..js (node:internal/modules/cjs/loader:1153:10)
    at Module.load (node:internal/modules/cjs/loader:981:32)
    at Function.Module._load (node:internal/modules/cjs/loader:822:12)
    at Object.<anonymous> (/usr/local/lib/node_modules/pm2/lib/ProcessContainerFork.js:33:23)
    at Module._compile (node:internal/modules/cjs/loader:1101:14)
    at Object.Module._extensions..js (node:internal/modules/cjs/loader:1153:10)
    at Module.load (node:internal/modules/cjs/loader:981:32)
    at Function.Module._load (node:internal/modules/cjs/loader:822:12)
    at Function.executeUserEntryPoint [as runMain] (node:internal/modules/run_main:81:12)
    at node:internal/main/run_main_module:17:47
ReferenceError: mongoSanitize is not defined
    at Object.<anonymous> (/home/devel-sabarinathan/Desktop/Node Projects/Backend/app.js:33:5)
    at Module._compile (node:internal/modules/cjs/loader:1101:14)
    at Object.Module._extensions..js (node:internal/modules/cjs/loader:1153:10)
    at Module.load (node:internal/modules/cjs/loader:981:32)
    at Function.Module._load (node:internal/modules/cjs/loader:822:12)
    at Object.<anonymous> (/usr/local/lib/node_modules/pm2/lib/ProcessContainerFork.js:33:23)
    at Module._compile (node:internal/modules/cjs/loader:1101:14)
    at Object.Module._extensions..js (node:internal/modules/cjs/loader:1153:10)
    at Module.load (node:internal/modules/cjs/loader:981:32)
    at Function.Module._load (node:internal/modules/cjs/loader:822:12)
    at Function.executeUserEntryPoint [as runMain] (node:internal/modules/run_main:81:12)
    at node:internal/main/run_main_module:17:47
Error: Route.post() requires a callback function but got a [object Object]
    at Route.<computed> [as post] (/home/devel-sabarinathan/Desktop/Node Projects/Backend/node_modules/express/lib/router/route.js:202:15)
    at Function.proto.<computed> [as post] (/home/devel-sabarinathan/Desktop/Node Projects/Backend/node_modules/express/lib/router/index.js:510:19)
    at Object.<anonymous> (/home/devel-sabarinathan/Desktop/Node Projects/Backend/routes/users.js:11:8)
    at Module._compile (node:internal/modules/cjs/loader:1101:14)
    at Object.Module._extensions..js (node:internal/modules/cjs/loader:1153:10)
    at Module.load (node:internal/modules/cjs/loader:981:32)
    at Function.Module._load (node:internal/modules/cjs/loader:822:12)
    at Module.require (node:internal/modules/cjs/loader:1005:19)
    at Module.Hook._require.Module.require (/usr/local/lib/node_modules/pm2/node_modules/require-in-the-middle/index.js:101:39)
    at require (node:internal/modules/cjs/helpers:102:18)
    at Object.<anonymous> (/home/devel-sabarinathan/Desktop/Node Projects/Backend/app.js:20:19)
    at Module._compile (node:internal/modules/cjs/loader:1101:14)
    at Object.Module._extensions..js (node:internal/modules/cjs/loader:1153:10)
    at Module.load (node:internal/modules/cjs/loader:981:32)
    at Function.Module._load (node:internal/modules/cjs/loader:822:12)
    at Object.<anonymous> (/usr/local/lib/node_modules/pm2/lib/ProcessContainerFork.js:33:23)
Error: Route.post() requires a callback function but got a [object Object]
    at Route.<computed> [as post] (/home/devel-sabarinathan/Desktop/Node Projects/Backend/node_modules/express/lib/router/route.js:202:15)
    at Function.proto.<computed> [as post] (/home/devel-sabarinathan/Desktop/Node Projects/Backend/node_modules/express/lib/router/index.js:510:19)
    at Object.<anonymous> (/home/devel-sabarinathan/Desktop/Node Projects/Backend/routes/users.js:11:8)
    at Module._compile (node:internal/modules/cjs/loader:1101:14)
    at Object.Module._extensions..js (node:internal/modules/cjs/loader:1153:10)
    at Module.load (node:internal/modules/cjs/loader:981:32)
    at Function.Module._load (node:internal/modules/cjs/loader:822:12)
    at Module.require (node:internal/modules/cjs/loader:1005:19)
    at Module.Hook._require.Module.require (/usr/local/lib/node_modules/pm2/node_modules/require-in-the-middle/index.js:101:39)
    at require (node:internal/modules/cjs/helpers:102:18)
    at Object.<anonymous> (/home/devel-sabarinathan/Desktop/Node Projects/Backend/app.js:20:19)
    at Module._compile (node:internal/modules/cjs/loader:1101:14)
    at Object.Module._extensions..js (node:internal/modules/cjs/loader:1153:10)
    at Module.load (node:internal/modules/cjs/loader:981:32)
    at Function.Module._load (node:internal/modules/cjs/loader:822:12)
    at Object.<anonymous> (/usr/local/lib/node_modules/pm2/lib/ProcessContainerFork.js:33:23)
Error: Route.post() requires a callback function but got a [object Object]
    at Route.<computed> [as post] (/home/devel-sabarinathan/Desktop/Node Projects/Backend/node_modules/express/lib/router/route.js:202:15)
    at Function.proto.<computed> [as post] (/home/devel-sabarinathan/Desktop/Node Projects/Backend/node_modules/express/lib/router/index.js:510:19)
    at Object.<anonymous> (/home/devel-sabarinathan/Desktop/Node Projects/Backend/routes/users.js:11:8)
    at Module._compile (node:internal/modules/cjs/loader:1101:14)
    at Object.Module._extensions..js (node:internal/modules/cjs/loader:1153:10)
    at Module.load (node:internal/modules/cjs/loader:981:32)
    at Function.Module._load (node:internal/modules/cjs/loader:822:12)
    at Module.require (node:internal/modules/cjs/loader:1005:19)
    at Module.Hook._require.Module.require (/usr/local/lib/node_modules/pm2/node_modules/require-in-the-middle/index.js:101:39)
    at require (node:internal/modules/cjs/helpers:102:18)
    at Object.<anonymous> (/home/devel-sabarinathan/Desktop/Node Projects/Backend/app.js:20:19)
    at Module._compile (node:internal/modules/cjs/loader:1101:14)
    at Object.Module._extensions..js (node:internal/modules/cjs/loader:1153:10)
    at Module.load (node:internal/modules/cjs/loader:981:32)
    at Function.Module._load (node:internal/modules/cjs/loader:822:12)
    at Object.<anonymous> (/usr/local/lib/node_modules/pm2/lib/ProcessContainerFork.js:33:23)
Error: Route.post() requires a callback function but got a [object Object]
    at Route.<computed> [as post] (/home/devel-sabarinathan/Desktop/Node Projects/Backend/node_modules/express/lib/router/route.js:202:15)
    at Function.proto.<computed> [as post] (/home/devel-sabarinathan/Desktop/Node Projects/Backend/node_modules/express/lib/router/index.js:510:19)
    at Object.<anonymous> (/home/devel-sabarinathan/Desktop/Node Projects/Backend/routes/users.js:11:8)
    at Module._compile (node:internal/modules/cjs/loader:1101:14)
    at Object.Module._extensions..js (node:internal/modules/cjs/loader:1153:10)
    at Module.load (node:internal/modules/cjs/loader:981:32)
    at Function.Module._load (node:internal/modules/cjs/loader:822:12)
    at Module.require (node:internal/modules/cjs/loader:1005:19)
    at Module.Hook._require.Module.require (/usr/local/lib/node_modules/pm2/node_modules/require-in-the-middle/index.js:101:39)
    at require (node:internal/modules/cjs/helpers:102:18)
    at Object.<anonymous> (/home/devel-sabarinathan/Desktop/Node Projects/Backend/app.js:20:19)
    at Module._compile (node:internal/modules/cjs/loader:1101:14)
    at Object.Module._extensions..js (node:internal/modules/cjs/loader:1153:10)
    at Module.load (node:internal/modules/cjs/loader:981:32)
    at Function.Module._load (node:internal/modules/cjs/loader:822:12)
    at Object.<anonymous> (/usr/local/lib/node_modules/pm2/lib/ProcessContainerFork.js:33:23)
Error: Route.post() requires a callback function but got a [object Object]
    at Route.<computed> [as post] (/home/devel-sabarinathan/Desktop/Node Projects/Backend/node_modules/express/lib/router/route.js:202:15)
    at Function.proto.<computed> [as post] (/home/devel-sabarinathan/Desktop/Node Projects/Backend/node_modules/express/lib/router/index.js:510:19)
    at Object.<anonymous> (/home/devel-sabarinathan/Desktop/Node Projects/Backend/routes/users.js:11:8)
    at Module._compile (node:internal/modules/cjs/loader:1101:14)
    at Object.Module._extensions..js (node:internal/modules/cjs/loader:1153:10)
    at Module.load (node:internal/modules/cjs/loader:981:32)
    at Function.Module._load (node:internal/modules/cjs/loader:822:12)
    at Module.require (node:internal/modules/cjs/loader:1005:19)
    at Module.Hook._require.Module.require (/usr/local/lib/node_modules/pm2/node_modules/require-in-the-middle/index.js:101:39)
    at require (node:internal/modules/cjs/helpers:102:18)
    at Object.<anonymous> (/home/devel-sabarinathan/Desktop/Node Projects/Backend/app.js:20:19)
    at Module._compile (node:internal/modules/cjs/loader:1101:14)
    at Object.Module._extensions..js (node:internal/modules/cjs/loader:1153:10)
    at Module.load (node:internal/modules/cjs/loader:981:32)
    at Function.Module._load (node:internal/modules/cjs/loader:822:12)
    at Object.<anonymous> (/usr/local/lib/node_modules/pm2/lib/ProcessContainerFork.js:33:23)
Error: Route.post() requires a callback function but got a [object Object]
    at Route.<computed> [as post] (/home/devel-sabarinathan/Desktop/Node Projects/Backend/node_modules/express/lib/router/route.js:202:15)
    at Function.proto.<computed> [as post] (/home/devel-sabarinathan/Desktop/Node Projects/Backend/node_modules/express/lib/router/index.js:510:19)
    at Object.<anonymous> (/home/devel-sabarinathan/Desktop/Node Projects/Backend/routes/users.js:11:8)
    at Module._compile (node:internal/modules/cjs/loader:1101:14)
    at Object.Module._extensions..js (node:internal/modules/cjs/loader:1153:10)
    at Module.load (node:internal/modules/cjs/loader:981:32)
    at Function.Module._load (node:internal/modules/cjs/loader:822:12)
    at Module.require (node:internal/modules/cjs/loader:1005:19)
    at Module.Hook._require.Module.require (/usr/local/lib/node_modules/pm2/node_modules/require-in-the-middle/index.js:101:39)
    at require (node:internal/modules/cjs/helpers:102:18)
    at Object.<anonymous> (/home/devel-sabarinathan/Desktop/Node Projects/Backend/app.js:20:19)
    at Module._compile (node:internal/modules/cjs/loader:1101:14)
    at Object.Module._extensions..js (node:internal/modules/cjs/loader:1153:10)
    at Module.load (node:internal/modules/cjs/loader:981:32)
    at Function.Module._load (node:internal/modules/cjs/loader:822:12)
    at Object.<anonymous> (/usr/local/lib/node_modules/pm2/lib/ProcessContainerFork.js:33:23)
Error: Route.post() requires a callback function but got a [object Object]
    at Route.<computed> [as post] (/home/devel-sabarinathan/Desktop/Node Projects/Backend/node_modules/express/lib/router/route.js:202:15)
    at Function.proto.<computed> [as post] (/home/devel-sabarinathan/Desktop/Node Projects/Backend/node_modules/express/lib/router/index.js:510:19)
    at Object.<anonymous> (/home/devel-sabarinathan/Desktop/Node Projects/Backend/routes/users.js:11:8)
    at Module._compile (node:internal/modules/cjs/loader:1101:14)
    at Object.Module._extensions..js (node:internal/modules/cjs/loader:1153:10)
    at Module.load (node:internal/modules/cjs/loader:981:32)
    at Function.Module._load (node:internal/modules/cjs/loader:822:12)
    at Module.require (node:internal/modules/cjs/loader:1005:19)
    at Module.Hook._require.Module.require (/usr/local/lib/node_modules/pm2/node_modules/require-in-the-middle/index.js:101:39)
    at require (node:internal/modules/cjs/helpers:102:18)
    at Object.<anonymous> (/home/devel-sabarinathan/Desktop/Node Projects/Backend/app.js:20:19)
    at Module._compile (node:internal/modules/cjs/loader:1101:14)
    at Object.Module._extensions..js (node:internal/modules/cjs/loader:1153:10)
    at Module.load (node:internal/modules/cjs/loader:981:32)
    at Function.Module._load (node:internal/modules/cjs/loader:822:12)
    at Object.<anonymous> (/usr/local/lib/node_modules/pm2/lib/ProcessContainerFork.js:33:23)
Error: Route.post() requires a callback function but got a [object Object]
    at Route.<computed> [as post] (/home/devel-sabarinathan/Desktop/Node Projects/Backend/node_modules/express/lib/router/route.js:202:15)
    at Function.proto.<computed> [as post] (/home/devel-sabarinathan/Desktop/Node Projects/Backend/node_modules/express/lib/router/index.js:510:19)
    at Object.<anonymous> (/home/devel-sabarinathan/Desktop/Node Projects/Backend/routes/users.js:11:8)
    at Module._compile (node:internal/modules/cjs/loader:1101:14)
    at Object.Module._extensions..js (node:internal/modules/cjs/loader:1153:10)
    at Module.load (node:internal/modules/cjs/loader:981:32)
    at Function.Module._load (node:internal/modules/cjs/loader:822:12)
    at Module.require (node:internal/modules/cjs/loader:1005:19)
    at Module.Hook._require.Module.require (/usr/local/lib/node_modules/pm2/node_modules/require-in-the-middle/index.js:101:39)
    at require (node:internal/modules/cjs/helpers:102:18)
    at Object.<anonymous> (/home/devel-sabarinathan/Desktop/Node Projects/Backend/app.js:20:19)
    at Module._compile (node:internal/modules/cjs/loader:1101:14)
    at Object.Module._extensions..js (node:internal/modules/cjs/loader:1153:10)
    at Module.load (node:internal/modules/cjs/loader:981:32)
    at Function.Module._load (node:internal/modules/cjs/loader:822:12)
    at Object.<anonymous> (/usr/local/lib/node_modules/pm2/lib/ProcessContainerFork.js:33:23)
Error: Route.post() requires a callback function but got a [object Object]
    at Route.<computed> [as post] (/home/devel-sabarinathan/Desktop/Node Projects/Backend/node_modules/express/lib/router/route.js:202:15)
    at Function.proto.<computed> [as post] (/home/devel-sabarinathan/Desktop/Node Projects/Backend/node_modules/express/lib/router/index.js:510:19)
    at Object.<anonymous> (/home/devel-sabarinathan/Desktop/Node Projects/Backend/routes/users.js:11:8)
    at Module._compile (node:internal/modules/cjs/loader:1101:14)
    at Object.Module._extensions..js (node:internal/modules/cjs/loader:1153:10)
    at Module.load (node:internal/modules/cjs/loader:981:32)
    at Function.Module._load (node:internal/modules/cjs/loader:822:12)
    at Module.require (node:internal/modules/cjs/loader:1005:19)
    at Module.Hook._require.Module.require (/usr/local/lib/node_modules/pm2/node_modules/require-in-the-middle/index.js:101:39)
    at require (node:internal/modules/cjs/helpers:102:18)
    at Object.<anonymous> (/home/devel-sabarinathan/Desktop/Node Projects/Backend/app.js:20:19)
    at Module._compile (node:internal/modules/cjs/loader:1101:14)
    at Object.Module._extensions..js (node:internal/modules/cjs/loader:1153:10)
    at Module.load (node:internal/modules/cjs/loader:981:32)
    at Function.Module._load (node:internal/modules/cjs/loader:822:12)
    at Object.<anonymous> (/usr/local/lib/node_modules/pm2/lib/ProcessContainerFork.js:33:23)
Error: Route.post() requires a callback function but got a [object Object]
    at Route.<computed> [as post] (/home/devel-sabarinathan/Desktop/Node Projects/Backend/node_modules/express/lib/router/route.js:202:15)
    at Function.proto.<computed> [as post] (/home/devel-sabarinathan/Desktop/Node Projects/Backend/node_modules/express/lib/router/index.js:510:19)
    at Object.<anonymous> (/home/devel-sabarinathan/Desktop/Node Projects/Backend/routes/users.js:11:8)
    at Module._compile (node:internal/modules/cjs/loader:1101:14)
    at Object.Module._extensions..js (node:internal/modules/cjs/loader:1153:10)
    at Module.load (node:internal/modules/cjs/loader:981:32)
    at Function.Module._load (node:internal/modules/cjs/loader:822:12)
    at Module.require (node:internal/modules/cjs/loader:1005:19)
    at Module.Hook._require.Module.require (/usr/local/lib/node_modules/pm2/node_modules/require-in-the-middle/index.js:101:39)
    at require (node:internal/modules/cjs/helpers:102:18)
    at Object.<anonymous> (/home/devel-sabarinathan/Desktop/Node Projects/Backend/app.js:20:19)
    at Module._compile (node:internal/modules/cjs/loader:1101:14)
    at Object.Module._extensions..js (node:internal/modules/cjs/loader:1153:10)
    at Module.load (node:internal/modules/cjs/loader:981:32)
    at Function.Module._load (node:internal/modules/cjs/loader:822:12)
    at Object.<anonymous> (/usr/local/lib/node_modules/pm2/lib/ProcessContainerFork.js:33:23)
Error: Route.post() requires a callback function but got a [object Object]
    at Route.<computed> [as post] (/home/devel-sabarinathan/Desktop/Node Projects/Backend/node_modules/express/lib/router/route.js:202:15)
    at Function.proto.<computed> [as post] (/home/devel-sabarinathan/Desktop/Node Projects/Backend/node_modules/express/lib/router/index.js:510:19)
    at Object.<anonymous> (/home/devel-sabarinathan/Desktop/Node Projects/Backend/routes/users.js:11:8)
    at Module._compile (node:internal/modules/cjs/loader:1101:14)
    at Object.Module._extensions..js (node:internal/modules/cjs/loader:1153:10)
    at Module.load (node:internal/modules/cjs/loader:981:32)
    at Function.Module._load (node:internal/modules/cjs/loader:822:12)
    at Module.require (node:internal/modules/cjs/loader:1005:19)
    at Module.Hook._require.Module.require (/usr/local/lib/node_modules/pm2/node_modules/require-in-the-middle/index.js:101:39)
    at require (node:internal/modules/cjs/helpers:102:18)
    at Object.<anonymous> (/home/devel-sabarinathan/Desktop/Node Projects/Backend/app.js:20:19)
    at Module._compile (node:internal/modules/cjs/loader:1101:14)
    at Object.Module._extensions..js (node:internal/modules/cjs/loader:1153:10)
    at Module.load (node:internal/modules/cjs/loader:981:32)
    at Function.Module._load (node:internal/modules/cjs/loader:822:12)
    at Object.<anonymous> (/usr/local/lib/node_modules/pm2/lib/ProcessContainerFork.js:33:23)
Error: Route.post() requires a callback function but got a [object Object]
    at Route.<computed> [as post] (/home/devel-sabarinathan/Desktop/Node Projects/Backend/node_modules/express/lib/router/route.js:202:15)
    at Function.proto.<computed> [as post] (/home/devel-sabarinathan/Desktop/Node Projects/Backend/node_modules/express/lib/router/index.js:510:19)
    at Object.<anonymous> (/home/devel-sabarinathan/Desktop/Node Projects/Backend/routes/users.js:11:8)
    at Module._compile (node:internal/modules/cjs/loader:1101:14)
    at Object.Module._extensions..js (node:internal/modules/cjs/loader:1153:10)
    at Module.load (node:internal/modules/cjs/loader:981:32)
    at Function.Module._load (node:internal/modules/cjs/loader:822:12)
    at Module.require (node:internal/modules/cjs/loader:1005:19)
    at Module.Hook._require.Module.require (/usr/local/lib/node_modules/pm2/node_modules/require-in-the-middle/index.js:101:39)
    at require (node:internal/modules/cjs/helpers:102:18)
    at Object.<anonymous> (/home/devel-sabarinathan/Desktop/Node Projects/Backend/app.js:20:19)
    at Module._compile (node:internal/modules/cjs/loader:1101:14)
    at Object.Module._extensions..js (node:internal/modules/cjs/loader:1153:10)
    at Module.load (node:internal/modules/cjs/loader:981:32)
    at Function.Module._load (node:internal/modules/cjs/loader:822:12)
    at Object.<anonymous> (/usr/local/lib/node_modules/pm2/lib/ProcessContainerFork.js:33:23)
Error: Route.post() requires a callback function but got a [object Object]
    at Route.<computed> [as post] (/home/devel-sabarinathan/Desktop/Node Projects/Backend/node_modules/express/lib/router/route.js:202:15)
    at Function.proto.<computed> [as post] (/home/devel-sabarinathan/Desktop/Node Projects/Backend/node_modules/express/lib/router/index.js:510:19)
    at Object.<anonymous> (/home/devel-sabarinathan/Desktop/Node Projects/Backend/routes/users.js:11:8)
    at Module._compile (node:internal/modules/cjs/loader:1101:14)
    at Object.Module._extensions..js (node:internal/modules/cjs/loader:1153:10)
    at Module.load (node:internal/modules/cjs/loader:981:32)
    at Function.Module._load (node:internal/modules/cjs/loader:822:12)
    at Module.require (node:internal/modules/cjs/loader:1005:19)
    at Module.Hook._require.Module.require (/usr/local/lib/node_modules/pm2/node_modules/require-in-the-middle/index.js:101:39)
    at require (node:internal/modules/cjs/helpers:102:18)
    at Object.<anonymous> (/home/devel-sabarinathan/Desktop/Node Projects/Backend/app.js:20:19)
    at Module._compile (node:internal/modules/cjs/loader:1101:14)
    at Object.Module._extensions..js (node:internal/modules/cjs/loader:1153:10)
    at Module.load (node:internal/modules/cjs/loader:981:32)
    at Function.Module._load (node:internal/modules/cjs/loader:822:12)
    at Object.<anonymous> (/usr/local/lib/node_modules/pm2/lib/ProcessContainerFork.js:33:23)
Error: Route.post() requires a callback function but got a [object Object]
    at Route.<computed> [as post] (/home/devel-sabarinathan/Desktop/Node Projects/Backend/node_modules/express/lib/router/route.js:202:15)
    at Function.proto.<computed> [as post] (/home/devel-sabarinathan/Desktop/Node Projects/Backend/node_modules/express/lib/router/index.js:510:19)
    at Object.<anonymous> (/home/devel-sabarinathan/Desktop/Node Projects/Backend/routes/users.js:11:8)
    at Module._compile (node:internal/modules/cjs/loader:1101:14)
    at Object.Module._extensions..js (node:internal/modules/cjs/loader:1153:10)
    at Module.load (node:internal/modules/cjs/loader:981:32)
    at Function.Module._load (node:internal/modules/cjs/loader:822:12)
    at Module.require (node:internal/modules/cjs/loader:1005:19)
    at Module.Hook._require.Module.require (/usr/local/lib/node_modules/pm2/node_modules/require-in-the-middle/index.js:101:39)
    at require (node:internal/modules/cjs/helpers:102:18)
    at Object.<anonymous> (/home/devel-sabarinathan/Desktop/Node Projects/Backend/app.js:20:19)
    at Module._compile (node:internal/modules/cjs/loader:1101:14)
    at Object.Module._extensions..js (node:internal/modules/cjs/loader:1153:10)
    at Module.load (node:internal/modules/cjs/loader:981:32)
    at Function.Module._load (node:internal/modules/cjs/loader:822:12)
    at Object.<anonymous> (/usr/local/lib/node_modules/pm2/lib/ProcessContainerFork.js:33:23)
Error: Route.post() requires a callback function but got a [object Object]
    at Route.<computed> [as post] (/home/devel-sabarinathan/Desktop/Node Projects/Backend/node_modules/express/lib/router/route.js:202:15)
    at Function.proto.<computed> [as post] (/home/devel-sabarinathan/Desktop/Node Projects/Backend/node_modules/express/lib/router/index.js:510:19)
    at Object.<anonymous> (/home/devel-sabarinathan/Desktop/Node Projects/Backend/routes/users.js:11:8)
    at Module._compile (node:internal/modules/cjs/loader:1101:14)
    at Object.Module._extensions..js (node:internal/modules/cjs/loader:1153:10)
    at Module.load (node:internal/modules/cjs/loader:981:32)
    at Function.Module._load (node:internal/modules/cjs/loader:822:12)
    at Module.require (node:internal/modules/cjs/loader:1005:19)
    at Module.Hook._require.Module.require (/usr/local/lib/node_modules/pm2/node_modules/require-in-the-middle/index.js:101:39)
    at require (node:internal/modules/cjs/helpers:102:18)
    at Object.<anonymous> (/home/devel-sabarinathan/Desktop/Node Projects/Backend/app.js:20:19)
    at Module._compile (node:internal/modules/cjs/loader:1101:14)
    at Object.Module._extensions..js (node:internal/modules/cjs/loader:1153:10)
    at Module.load (node:internal/modules/cjs/loader:981:32)
    at Function.Module._load (node:internal/modules/cjs/loader:822:12)
    at Object.<anonymous> (/usr/local/lib/node_modules/pm2/lib/ProcessContainerFork.js:33:23)
Error: Route.post() requires a callback function but got a [object Object]
    at Route.<computed> [as post] (/home/devel-sabarinathan/Desktop/Node Projects/Backend/node_modules/express/lib/router/route.js:202:15)
    at Function.proto.<computed> [as post] (/home/devel-sabarinathan/Desktop/Node Projects/Backend/node_modules/express/lib/router/index.js:510:19)
    at Object.<anonymous> (/home/devel-sabarinathan/Desktop/Node Projects/Backend/routes/users.js:11:8)
    at Module._compile (node:internal/modules/cjs/loader:1101:14)
    at Object.Module._extensions..js (node:internal/modules/cjs/loader:1153:10)
    at Module.load (node:internal/modules/cjs/loader:981:32)
    at Function.Module._load (node:internal/modules/cjs/loader:822:12)
    at Module.require (node:internal/modules/cjs/loader:1005:19)
    at Module.Hook._require.Module.require (/usr/local/lib/node_modules/pm2/node_modules/require-in-the-middle/index.js:101:39)
    at require (node:internal/modules/cjs/helpers:102:18)
    at Object.<anonymous> (/home/devel-sabarinathan/Desktop/Node Projects/Backend/app.js:20:19)
    at Module._compile (node:internal/modules/cjs/loader:1101:14)
    at Object.Module._extensions..js (node:internal/modules/cjs/loader:1153:10)
    at Module.load (node:internal/modules/cjs/loader:981:32)
    at Function.Module._load (node:internal/modules/cjs/loader:822:12)
    at Object.<anonymous> (/usr/local/lib/node_modules/pm2/lib/ProcessContainerFork.js:33:23)
